<?xml version="1.0" encoding="UTF-8"?>
<!-- Generated by org.testng.reporters.JUnitXMLReporter -->
<testsuite hostname="sattiieshh-PC" name="Default test" tests="3" failures="0" timestamp="5 Jul 2017 22:52:38 GMT" time="0.021" errors="0">
  <testcase name="testBuiltinFuncApproach" time="0.008" classname="com.testng.examples.RemoveCharTest"/>
  <testcase name="testIllegalArguments" time="0.001" classname="com.testng.examples.RemoveCharTest"/>
  <testcase name="testIterativeApproach" time="0.001" classname="com.testng.examples.RemoveCharTest"/>
</testsuite> <!-- Default test -->
